mode: set
github.com/ishanwardhono/transfer-system/internal/entity/dto/account.go:15.51,16.22 1 0
github.com/ishanwardhono/transfer-system/internal/entity/dto/account.go:16.22,18.3 1 0
github.com/ishanwardhono/transfer-system/internal/entity/dto/account.go:19.2,19.12 1 0
github.com/ishanwardhono/transfer-system/internal/entity/dto/account.go:22.57,27.2 1 0
github.com/ishanwardhono/transfer-system/internal/entity/dto/account.go:34.69,39.2 1 0
github.com/ishanwardhono/transfer-system/internal/entity/dto/transaction.go:16.43,17.28 1 0
github.com/ishanwardhono/transfer-system/internal/entity/dto/transaction.go:17.28,19.3 1 0
github.com/ishanwardhono/transfer-system/internal/entity/dto/transaction.go:20.2,20.33 1 0
github.com/ishanwardhono/transfer-system/internal/entity/dto/transaction.go:20.33,22.3 1 0
github.com/ishanwardhono/transfer-system/internal/entity/dto/transaction.go:23.2,23.48 1 0
github.com/ishanwardhono/transfer-system/internal/entity/dto/transaction.go:23.48,25.3 1 0
github.com/ishanwardhono/transfer-system/internal/entity/dto/transaction.go:26.2,26.12 1 0
github.com/ishanwardhono/transfer-system/internal/entity/dto/transaction.go:29.54,35.2 1 0
github.com/ishanwardhono/transfer-system/internal/repository/account/repo.go:27.48,31.2 1 0
github.com/ishanwardhono/transfer-system/internal/repository/account/repo.go:33.86,39.16 2 0
github.com/ishanwardhono/transfer-system/internal/repository/account/repo.go:39.16,40.64 1 0
github.com/ishanwardhono/transfer-system/internal/repository/account/repo.go:40.64,42.4 1 0
github.com/ishanwardhono/transfer-system/internal/repository/account/repo.go:43.3,43.13 1 0
github.com/ishanwardhono/transfer-system/internal/repository/account/repo.go:45.2,45.12 1 0
github.com/ishanwardhono/transfer-system/internal/repository/account/repo.go:48.94,51.16 3 0
github.com/ishanwardhono/transfer-system/internal/repository/account/repo.go:51.16,52.27 1 0
github.com/ishanwardhono/transfer-system/internal/repository/account/repo.go:52.27,54.4 1 0
github.com/ishanwardhono/transfer-system/internal/repository/account/repo.go:55.3,55.22 1 0
github.com/ishanwardhono/transfer-system/internal/repository/account/repo.go:57.2,57.21 1 0
github.com/ishanwardhono/transfer-system/internal/repository/account/repo.go:60.126,67.16 2 0
github.com/ishanwardhono/transfer-system/internal/repository/account/repo.go:67.16,69.3 1 0
github.com/ishanwardhono/transfer-system/internal/repository/account/repo.go:71.2,72.16 2 0
github.com/ishanwardhono/transfer-system/internal/repository/account/repo.go:72.16,74.3 1 0
github.com/ishanwardhono/transfer-system/internal/repository/account/repo.go:76.2,76.23 1 0
github.com/ishanwardhono/transfer-system/internal/repository/account/repo.go:76.23,78.3 1 0
github.com/ishanwardhono/transfer-system/internal/repository/account/repo.go:80.2,80.12 1 0
github.com/ishanwardhono/transfer-system/internal/handler/http/handler.go:16.75,20.65 3 0
github.com/ishanwardhono/transfer-system/internal/handler/http/handler.go:20.65,24.3 3 0
github.com/ishanwardhono/transfer-system/internal/handler/http/handler.go:25.2,28.43 3 0
github.com/ishanwardhono/transfer-system/internal/handler/http/handler.go:28.43,32.3 3 0
github.com/ishanwardhono/transfer-system/internal/handler/http/handler.go:34.2,35.16 2 0
github.com/ishanwardhono/transfer-system/internal/handler/http/handler.go:35.16,39.3 3 0
github.com/ishanwardhono/transfer-system/internal/handler/http/handler.go:41.2,41.42 1 0
github.com/ishanwardhono/transfer-system/internal/handler/http/handler.go:44.74,48.24 3 0
github.com/ishanwardhono/transfer-system/internal/handler/http/handler.go:48.24,52.3 3 0
github.com/ishanwardhono/transfer-system/internal/handler/http/handler.go:53.2,54.16 2 0
github.com/ishanwardhono/transfer-system/internal/handler/http/handler.go:54.16,58.3 3 0
github.com/ishanwardhono/transfer-system/internal/handler/http/handler.go:60.2,62.16 3 0
github.com/ishanwardhono/transfer-system/internal/handler/http/handler.go:62.16,66.3 3 0
github.com/ishanwardhono/transfer-system/internal/handler/http/handler.go:68.2,68.36 1 0
github.com/ishanwardhono/transfer-system/internal/handler/http/handler.go:71.68,75.65 3 0
github.com/ishanwardhono/transfer-system/internal/handler/http/handler.go:75.65,79.3 3 0
github.com/ishanwardhono/transfer-system/internal/handler/http/handler.go:80.2,83.43 3 0
github.com/ishanwardhono/transfer-system/internal/handler/http/handler.go:83.43,87.3 3 0
github.com/ishanwardhono/transfer-system/internal/handler/http/handler.go:89.2,90.16 2 0
github.com/ishanwardhono/transfer-system/internal/handler/http/handler.go:90.16,94.3 3 0
github.com/ishanwardhono/transfer-system/internal/handler/http/handler.go:96.2,96.35 1 0
github.com/ishanwardhono/transfer-system/internal/handler/http/router.go:11.45,22.2 8 0
github.com/ishanwardhono/transfer-system/internal/handler/http/router.go:32.12,37.2 1 0
github.com/ishanwardhono/transfer-system/internal/repository/transaction/repo.go:20.48,24.2 1 0
github.com/ishanwardhono/transfer-system/internal/repository/transaction/repo.go:26.113,32.16 2 0
github.com/ishanwardhono/transfer-system/internal/repository/transaction/repo.go:32.16,34.3 1 0
github.com/ishanwardhono/transfer-system/internal/repository/transaction/repo.go:36.2,36.12 1 0
github.com/ishanwardhono/transfer-system/cmd/inject.go:21.65,23.16 2 0
github.com/ishanwardhono/transfer-system/cmd/inject.go:23.16,25.3 1 0
github.com/ishanwardhono/transfer-system/cmd/inject.go:27.2,44.8 9 0
github.com/ishanwardhono/transfer-system/cmd/inject.go:47.36,49.2 1 0
github.com/ishanwardhono/transfer-system/cmd/inject.go:51.60,53.2 1 0
github.com/ishanwardhono/transfer-system/cmd/main.go:16.13,20.16 3 0
github.com/ishanwardhono/transfer-system/cmd/main.go:20.16,22.3 1 0
github.com/ishanwardhono/transfer-system/cmd/main.go:23.2,26.16 3 0
github.com/ishanwardhono/transfer-system/cmd/main.go:26.16,28.3 1 0
github.com/ishanwardhono/transfer-system/cmd/main.go:31.2,36.12 4 0
github.com/ishanwardhono/transfer-system/cmd/main.go:36.12,39.48 3 0
github.com/ishanwardhono/transfer-system/cmd/main.go:39.48,42.4 1 0
github.com/ishanwardhono/transfer-system/cmd/main.go:46.2,46.9 1 0
github.com/ishanwardhono/transfer-system/cmd/main.go:47.14,48.74 1 0
github.com/ishanwardhono/transfer-system/cmd/main.go:49.29,50.53 1 0
github.com/ishanwardhono/transfer-system/cmd/main.go:54.2,59.51 4 0
github.com/ishanwardhono/transfer-system/cmd/main.go:59.51,62.3 2 0
github.com/ishanwardhono/transfer-system/cmd/main.go:64.2,64.54 1 0
github.com/ishanwardhono/transfer-system/internal/repository/dbtrx/repo.go:22.48,26.2 1 0
github.com/ishanwardhono/transfer-system/internal/repository/dbtrx/repo.go:28.69,30.16 2 0
github.com/ishanwardhono/transfer-system/internal/repository/dbtrx/repo.go:30.16,32.3 1 0
github.com/ishanwardhono/transfer-system/internal/repository/dbtrx/repo.go:33.2,33.16 1 0
github.com/ishanwardhono/transfer-system/internal/repository/dbtrx/repo.go:36.67,37.54 1 0
github.com/ishanwardhono/transfer-system/internal/repository/dbtrx/repo.go:37.54,39.3 1 0
github.com/ishanwardhono/transfer-system/internal/repository/dbtrx/repo.go:40.2,40.8 1 0
github.com/ishanwardhono/transfer-system/internal/repository/dbtrx/repo.go:43.50,45.2 1 0
github.com/ishanwardhono/transfer-system/pkg/errors/errors.go:8.54,13.2 1 0
github.com/ishanwardhono/transfer-system/pkg/errors/errors.go:15.35,17.2 1 0
github.com/ishanwardhono/transfer-system/pkg/errors/errors.go:19.38,24.2 1 0
github.com/ishanwardhono/transfer-system/pkg/errors/errors.go:26.38,31.2 1 0
github.com/ishanwardhono/transfer-system/pkg/context/context.go:18.64,19.16 1 0
github.com/ishanwardhono/transfer-system/pkg/context/context.go:19.16,21.3 1 0
github.com/ishanwardhono/transfer-system/pkg/context/context.go:23.2,25.21 3 0
github.com/ishanwardhono/transfer-system/pkg/context/context.go:25.21,27.3 1 0
github.com/ishanwardhono/transfer-system/pkg/context/context.go:29.2,29.34 1 0
github.com/ishanwardhono/transfer-system/pkg/context/context.go:29.34,30.36 1 0
github.com/ishanwardhono/transfer-system/pkg/context/context.go:30.36,32.4 1 0
github.com/ishanwardhono/transfer-system/pkg/context/context.go:34.2,34.15 1 0
github.com/ishanwardhono/transfer-system/pkg/context/context.go:37.73,38.16 1 0
github.com/ishanwardhono/transfer-system/pkg/context/context.go:38.16,40.3 1 0
github.com/ishanwardhono/transfer-system/pkg/context/context.go:41.2,41.53 1 0
github.com/ishanwardhono/transfer-system/pkg/db/db.go:18.64,23.16 3 0
github.com/ishanwardhono/transfer-system/pkg/db/db.go:23.16,25.3 1 0
github.com/ishanwardhono/transfer-system/pkg/db/db.go:28.2,36.44 6 0
github.com/ishanwardhono/transfer-system/pkg/db/db.go:36.44,38.3 1 0
github.com/ishanwardhono/transfer-system/pkg/db/db.go:40.2,40.27 1 0
github.com/ishanwardhono/transfer-system/pkg/db/db.go:43.29,44.18 1 0
github.com/ishanwardhono/transfer-system/pkg/db/db.go:44.18,46.3 1 0
github.com/ishanwardhono/transfer-system/pkg/httphelper/helper.go:20.62,23.17 3 0
github.com/ishanwardhono/transfer-system/pkg/httphelper/helper.go:23.17,25.3 1 0
github.com/ishanwardhono/transfer-system/pkg/httphelper/helper.go:28.69,31.17 3 0
github.com/ishanwardhono/transfer-system/pkg/httphelper/helper.go:31.17,33.3 1 0
github.com/ishanwardhono/transfer-system/pkg/httphelper/helper.go:36.52,41.29 4 0
github.com/ishanwardhono/transfer-system/pkg/httphelper/helper.go:41.29,43.3 1 0
github.com/ishanwardhono/transfer-system/pkg/httphelper/helper.go:45.2,50.33 3 0
github.com/ishanwardhono/transfer-system/pkg/httphelper/helper.go:53.55,54.71 1 0
github.com/ishanwardhono/transfer-system/pkg/httphelper/helper.go:54.71,75.25 7 0
github.com/ishanwardhono/transfer-system/pkg/httphelper/helper.go:75.25,77.4 1 0
github.com/ishanwardhono/transfer-system/pkg/httphelper/helper.go:77.9,77.32 1 0
github.com/ishanwardhono/transfer-system/pkg/httphelper/helper.go:77.32,79.4 1 0
github.com/ishanwardhono/transfer-system/pkg/httphelper/helper.go:79.9,81.4 1 0
github.com/ishanwardhono/transfer-system/pkg/logger/logger.go:23.25,27.15 3 0
github.com/ishanwardhono/transfer-system/pkg/logger/logger.go:28.15,29.34 1 0
github.com/ishanwardhono/transfer-system/pkg/logger/logger.go:30.15,31.34 1 0
github.com/ishanwardhono/transfer-system/pkg/logger/logger.go:32.15,33.34 1 0
github.com/ishanwardhono/transfer-system/pkg/logger/logger.go:34.17,35.33 1 0
github.com/ishanwardhono/transfer-system/pkg/logger/logger.go:36.14,37.33 1 0
github.com/ishanwardhono/transfer-system/pkg/logger/logger.go:38.22,39.34 1 0
github.com/ishanwardhono/transfer-system/pkg/logger/logger.go:40.10,41.33 1 0
github.com/ishanwardhono/transfer-system/pkg/logger/logger.go:44.2,44.21 1 0
github.com/ishanwardhono/transfer-system/pkg/logger/logger.go:47.37,49.9 2 0
github.com/ishanwardhono/transfer-system/pkg/logger/logger.go:49.9,52.3 2 0
github.com/ishanwardhono/transfer-system/pkg/logger/logger.go:52.8,54.13 2 0
github.com/ishanwardhono/transfer-system/pkg/logger/logger.go:54.13,56.4 1 0
github.com/ishanwardhono/transfer-system/pkg/logger/logger.go:59.2,59.19 1 0
github.com/ishanwardhono/transfer-system/pkg/logger/logger.go:63.53,67.2 3 0
github.com/ishanwardhono/transfer-system/pkg/logger/logger.go:70.69,74.2 3 0
github.com/ishanwardhono/transfer-system/pkg/logger/logger.go:77.54,81.2 3 0
github.com/ishanwardhono/transfer-system/pkg/logger/logger.go:84.70,88.2 3 0
github.com/ishanwardhono/transfer-system/pkg/logger/logger.go:91.54,95.2 3 0
github.com/ishanwardhono/transfer-system/pkg/logger/logger.go:98.70,102.2 3 0
github.com/ishanwardhono/transfer-system/pkg/logger/logger.go:105.53,109.2 3 0
github.com/ishanwardhono/transfer-system/pkg/logger/logger.go:112.69,116.2 3 0
github.com/ishanwardhono/transfer-system/pkg/logger/logger.go:119.54,123.2 3 0
github.com/ishanwardhono/transfer-system/pkg/logger/logger.go:126.70,130.2 3 0
github.com/ishanwardhono/transfer-system/pkg/logger/logger.go:133.54,137.2 3 0
github.com/ishanwardhono/transfer-system/pkg/logger/logger.go:140.70,144.2 3 0
github.com/ishanwardhono/transfer-system/pkg/config/config.go:24.36,30.41 4 0
github.com/ishanwardhono/transfer-system/pkg/config/config.go:30.41,31.56 1 0
github.com/ishanwardhono/transfer-system/pkg/config/config.go:31.56,33.4 1 0
github.com/ishanwardhono/transfer-system/pkg/config/config.go:36.2,47.8 1 0
github.com/ishanwardhono/transfer-system/pkg/config/config.go:50.44,52.2 1 0
github.com/ishanwardhono/transfer-system/pkg/utils/reference_number.go:10.39,15.2 4 0
github.com/ishanwardhono/transfer-system/pkg/utils/reference_number.go:17.46,27.19 5 0
github.com/ishanwardhono/transfer-system/pkg/utils/reference_number.go:27.19,29.3 1 0
github.com/ishanwardhono/transfer-system/pkg/utils/reference_number.go:31.2,31.20 1 0
github.com/ishanwardhono/transfer-system/test/mock/repository/dbtrx/repo.go:33.65,37.2 3 0
github.com/ishanwardhono/transfer-system/test/mock/repository/dbtrx/repo.go:40.63,42.2 1 0
github.com/ishanwardhono/transfer-system/test/mock/repository/dbtrx/repo.go:45.73,51.2 5 0
github.com/ishanwardhono/transfer-system/test/mock/repository/dbtrx/repo.go:54.69,57.2 2 0
github.com/ishanwardhono/transfer-system/test/mock/repository/dbtrx/repo.go:60.54,65.2 4 0
github.com/ishanwardhono/transfer-system/test/mock/repository/dbtrx/repo.go:68.69,71.2 2 0
github.com/ishanwardhono/transfer-system/test/mock/repository/dbtrx/repo.go:74.71,77.2 2 0
github.com/ishanwardhono/transfer-system/test/mock/repository/dbtrx/repo.go:80.76,83.2 2 0
github.com/ishanwardhono/transfer-system/test/mock/repository/account/repo.go:35.65,39.2 3 0
github.com/ishanwardhono/transfer-system/test/mock/repository/account/repo.go:42.63,44.2 1 0
github.com/ishanwardhono/transfer-system/test/mock/repository/account/repo.go:47.98,53.2 5 0
github.com/ishanwardhono/transfer-system/test/mock/repository/account/repo.go:56.83,59.2 2 0
github.com/ishanwardhono/transfer-system/test/mock/repository/account/repo.go:62.90,67.2 4 0
github.com/ishanwardhono/transfer-system/test/mock/repository/account/repo.go:70.84,73.2 2 0
github.com/ishanwardhono/transfer-system/test/mock/repository/account/repo.go:76.130,81.2 4 0
github.com/ishanwardhono/transfer-system/test/mock/repository/account/repo.go:84.107,87.2 2 0
github.com/ishanwardhono/transfer-system/test/mock/repository/transaction/repo.go:34.65,38.2 3 0
github.com/ishanwardhono/transfer-system/test/mock/repository/transaction/repo.go:41.63,43.2 1 0
github.com/ishanwardhono/transfer-system/test/mock/repository/transaction/repo.go:46.117,51.2 4 0
github.com/ishanwardhono/transfer-system/test/mock/repository/transaction/repo.go:54.98,57.2 2 0
github.com/ishanwardhono/transfer-system/internal/service/account/account.go:10.87,12.71 2 1
github.com/ishanwardhono/transfer-system/internal/service/account/account.go:12.71,15.3 2 1
github.com/ishanwardhono/transfer-system/internal/service/account/account.go:17.2,17.12 1 1
github.com/ishanwardhono/transfer-system/internal/service/account/account.go:20.101,22.16 2 1
github.com/ishanwardhono/transfer-system/internal/service/account/account.go:22.16,25.3 2 1
github.com/ishanwardhono/transfer-system/internal/service/account/account.go:27.2,28.18 2 1
github.com/ishanwardhono/transfer-system/internal/service/account/service.go:19.53,23.2 1 1
github.com/ishanwardhono/transfer-system/internal/service/transaction/service.go:26.11,32.2 1 1
github.com/ishanwardhono/transfer-system/internal/service/transaction/transaction.go:13.80,15.16 2 1
github.com/ishanwardhono/transfer-system/internal/service/transaction/transaction.go:15.16,18.3 2 1
github.com/ishanwardhono/transfer-system/internal/service/transaction/transaction.go:20.2,21.16 2 1
github.com/ishanwardhono/transfer-system/internal/service/transaction/transaction.go:21.16,24.3 2 1
github.com/ishanwardhono/transfer-system/internal/service/transaction/transaction.go:26.2,27.39 2 1
github.com/ishanwardhono/transfer-system/internal/service/transaction/transaction.go:27.39,30.3 2 1
github.com/ishanwardhono/transfer-system/internal/service/transaction/transaction.go:31.2,34.16 3 1
github.com/ishanwardhono/transfer-system/internal/service/transaction/transaction.go:34.16,37.3 2 1
github.com/ishanwardhono/transfer-system/internal/service/transaction/transaction.go:39.2,41.89 3 1
github.com/ishanwardhono/transfer-system/internal/service/transaction/transaction.go:41.89,45.3 3 1
github.com/ishanwardhono/transfer-system/internal/service/transaction/transaction.go:47.2,47.106 1 1
github.com/ishanwardhono/transfer-system/internal/service/transaction/transaction.go:47.106,51.3 3 1
github.com/ishanwardhono/transfer-system/internal/service/transaction/transaction.go:53.2,53.116 1 1
github.com/ishanwardhono/transfer-system/internal/service/transaction/transaction.go:53.116,57.3 3 1
github.com/ishanwardhono/transfer-system/internal/service/transaction/transaction.go:59.2,59.45 1 1
github.com/ishanwardhono/transfer-system/internal/service/transaction/transaction.go:59.45,63.3 3 1
github.com/ishanwardhono/transfer-system/internal/service/transaction/transaction.go:65.2,65.12 1 1
